[2022-02-04 16:25:37.439] [exthost] [info] extension host started
[2022-02-04 16:25:37.957] [exthost] [info] ExtensionService#_doActivateExtension vscode.debug-auto-launch {"startup":true,"extensionId":{"value":"vscode.debug-auto-launch","_lower":"vscode.debug-auto-launch"},"activationEvent":"*"}
[2022-02-04 16:25:37.958] [exthost] [info] ExtensionService#loadCommonJSModule file:///nix/store/lrqrbss7vv18435ch8dhzr1ybwa9hgcq-code-server-3.9.0/libexec/code-server/lib/vscode/extensions/debug-auto-launch/dist/extension
[2022-02-04 16:25:37.971] [exthost] [info] ExtensionService#_doActivateExtension vscode.emmet {"startup":true,"extensionId":{"value":"vscode.emmet","_lower":"vscode.emmet"},"activationEvent":"*"}
[2022-02-04 16:25:37.971] [exthost] [info] ExtensionService#loadCommonJSModule file:///nix/store/lrqrbss7vv18435ch8dhzr1ybwa9hgcq-code-server-3.9.0/libexec/code-server/lib/vscode/extensions/emmet/dist/node/emmetNodeMain
[2022-02-04 16:25:38.124] [exthost] [info] ExtensionService#_doActivateExtension vscode.git {"startup":true,"extensionId":{"value":"vscode.github","_lower":"vscode.github"},"activationEvent":"*"}
[2022-02-04 16:25:38.125] [exthost] [info] ExtensionService#loadCommonJSModule file:///nix/store/lrqrbss7vv18435ch8dhzr1ybwa9hgcq-code-server-3.9.0/libexec/code-server/lib/vscode/extensions/git/dist/main
[2022-02-04 16:25:38.499] [exthost] [info] ExtensionService#_doActivateExtension vscode.merge-conflict {"startup":true,"extensionId":{"value":"vscode.merge-conflict","_lower":"vscode.merge-conflict"},"activationEvent":"*"}
[2022-02-04 16:25:38.499] [exthost] [info] ExtensionService#loadCommonJSModule file:///nix/store/lrqrbss7vv18435ch8dhzr1ybwa9hgcq-code-server-3.9.0/libexec/code-server/lib/vscode/extensions/merge-conflict/dist/mergeConflictMain
[2022-02-04 16:25:38.535] [exthost] [info] ExtensionService#_doActivateExtension vscode.search-result {"startup":true,"extensionId":{"value":"vscode.search-result","_lower":"vscode.search-result"},"activationEvent":"*"}
[2022-02-04 16:25:38.535] [exthost] [info] ExtensionService#loadCommonJSModule file:///nix/store/lrqrbss7vv18435ch8dhzr1ybwa9hgcq-code-server-3.9.0/libexec/code-server/lib/vscode/extensions/search-result/dist/extension.js
[2022-02-04 16:25:39.040] [exthost] [info] ExtensionService#_doActivateExtension vscode.github {"startup":true,"extensionId":{"value":"vscode.github","_lower":"vscode.github"},"activationEvent":"*"}
[2022-02-04 16:25:39.041] [exthost] [info] ExtensionService#loadCommonJSModule file:///nix/store/lrqrbss7vv18435ch8dhzr1ybwa9hgcq-code-server-3.9.0/libexec/code-server/lib/vscode/extensions/github/dist/extension.js
[2022-02-04 16:25:39.484] [exthost] [info] eager extensions activated
[2022-02-04 16:26:27.867] [exthost] [info] ExtensionService#_doActivateExtension vscode.configuration-editing {"startup":false,"extensionId":{"value":"vscode.configuration-editing","_lower":"vscode.configuration-editing"},"activationEvent":"onLanguage:jsonc"}
[2022-02-04 16:26:27.867] [exthost] [info] ExtensionService#loadCommonJSModule file:///nix/store/lrqrbss7vv18435ch8dhzr1ybwa9hgcq-code-server-3.9.0/libexec/code-server/lib/vscode/extensions/configuration-editing/dist/configurationEditingMain
[2022-02-04 16:26:27.898] [exthost] [info] ExtensionService#_doActivateExtension vscode.json-language-features {"startup":false,"extensionId":{"value":"vscode.json-language-features","_lower":"vscode.json-language-features"},"activationEvent":"onLanguage:jsonc"}
[2022-02-04 16:26:27.898] [exthost] [info] ExtensionService#loadCommonJSModule file:///nix/store/lrqrbss7vv18435ch8dhzr1ybwa9hgcq-code-server-3.9.0/libexec/code-server/lib/vscode/extensions/json-language-features/client/dist/node/jsonClientMain
[2022-02-04 16:26:28.182] [exthost] [info] ExtensionService#_doActivateExtension vscode.typescript-language-features {"startup":false,"extensionId":{"value":"vscode.typescript-language-features","_lower":"vscode.typescript-language-features"},"activationEvent":"onLanguage:jsonc"}
[2022-02-04 16:26:28.182] [exthost] [info] ExtensionService#loadCommonJSModule file:///nix/store/lrqrbss7vv18435ch8dhzr1ybwa9hgcq-code-server-3.9.0/libexec/code-server/lib/vscode/extensions/typescript-language-features/dist/extension
[2022-02-04 16:26:50.759] [exthost] [info] extension host started
[2022-02-04 16:26:51.192] [exthost] [info] ExtensionService#_doActivateExtension vscode.debug-auto-launch {"startup":true,"extensionId":{"value":"vscode.debug-auto-launch","_lower":"vscode.debug-auto-launch"},"activationEvent":"*"}
[2022-02-04 16:26:51.193] [exthost] [info] ExtensionService#loadCommonJSModule file:///nix/store/lrqrbss7vv18435ch8dhzr1ybwa9hgcq-code-server-3.9.0/libexec/code-server/lib/vscode/extensions/debug-auto-launch/dist/extension
[2022-02-04 16:26:51.202] [exthost] [info] ExtensionService#_doActivateExtension vscode.emmet {"startup":true,"extensionId":{"value":"vscode.emmet","_lower":"vscode.emmet"},"activationEvent":"*"}
[2022-02-04 16:26:51.202] [exthost] [info] ExtensionService#loadCommonJSModule file:///nix/store/lrqrbss7vv18435ch8dhzr1ybwa9hgcq-code-server-3.9.0/libexec/code-server/lib/vscode/extensions/emmet/dist/node/emmetNodeMain
[2022-02-04 16:26:51.307] [exthost] [info] ExtensionService#_doActivateExtension vscode.git {"startup":true,"extensionId":{"value":"vscode.github","_lower":"vscode.github"},"activationEvent":"*"}
[2022-02-04 16:26:51.307] [exthost] [info] ExtensionService#loadCommonJSModule file:///nix/store/lrqrbss7vv18435ch8dhzr1ybwa9hgcq-code-server-3.9.0/libexec/code-server/lib/vscode/extensions/git/dist/main
[2022-02-04 16:26:51.488] [exthost] [info] ExtensionService#_doActivateExtension vscode.merge-conflict {"startup":true,"extensionId":{"value":"vscode.merge-conflict","_lower":"vscode.merge-conflict"},"activationEvent":"*"}
[2022-02-04 16:26:51.488] [exthost] [info] ExtensionService#loadCommonJSModule file:///nix/store/lrqrbss7vv18435ch8dhzr1ybwa9hgcq-code-server-3.9.0/libexec/code-server/lib/vscode/extensions/merge-conflict/dist/mergeConflictMain
[2022-02-04 16:26:51.511] [exthost] [info] ExtensionService#_doActivateExtension vscode.search-result {"startup":true,"extensionId":{"value":"vscode.search-result","_lower":"vscode.search-result"},"activationEvent":"*"}
[2022-02-04 16:26:51.517] [exthost] [info] ExtensionService#loadCommonJSModule file:///nix/store/lrqrbss7vv18435ch8dhzr1ybwa9hgcq-code-server-3.9.0/libexec/code-server/lib/vscode/extensions/search-result/dist/extension.js
[2022-02-04 16:26:54.482] [exthost] [info] ExtensionService#_doActivateExtension vscode.github {"startup":true,"extensionId":{"value":"vscode.github","_lower":"vscode.github"},"activationEvent":"*"}
[2022-02-04 16:26:54.482] [exthost] [info] ExtensionService#loadCommonJSModule file:///nix/store/lrqrbss7vv18435ch8dhzr1ybwa9hgcq-code-server-3.9.0/libexec/code-server/lib/vscode/extensions/github/dist/extension.js
[2022-02-04 16:26:54.991] [exthost] [info] eager extensions activated
