[2022-02-04 16:27:53.421] [exthost] [info] extension host started
[2022-02-04 16:27:53.791] [exthost] [info] ExtensionService#_doActivateExtension vscode.debug-auto-launch {"startup":true,"extensionId":{"value":"vscode.debug-auto-launch","_lower":"vscode.debug-auto-launch"},"activationEvent":"*"}
[2022-02-04 16:27:53.792] [exthost] [info] ExtensionService#loadCommonJSModule file:///nix/store/lrqrbss7vv18435ch8dhzr1ybwa9hgcq-code-server-3.9.0/libexec/code-server/lib/vscode/extensions/debug-auto-launch/dist/extension
[2022-02-04 16:27:53.800] [exthost] [info] ExtensionService#_doActivateExtension vscode.emmet {"startup":true,"extensionId":{"value":"vscode.emmet","_lower":"vscode.emmet"},"activationEvent":"*"}
[2022-02-04 16:27:53.800] [exthost] [info] ExtensionService#loadCommonJSModule file:///nix/store/lrqrbss7vv18435ch8dhzr1ybwa9hgcq-code-server-3.9.0/libexec/code-server/lib/vscode/extensions/emmet/dist/node/emmetNodeMain
[2022-02-04 16:27:53.996] [exthost] [info] ExtensionService#_doActivateExtension vscode.git {"startup":true,"extensionId":{"value":"vscode.github","_lower":"vscode.github"},"activationEvent":"*"}
[2022-02-04 16:27:53.996] [exthost] [info] ExtensionService#loadCommonJSModule file:///nix/store/lrqrbss7vv18435ch8dhzr1ybwa9hgcq-code-server-3.9.0/libexec/code-server/lib/vscode/extensions/git/dist/main
[2022-02-04 16:27:54.322] [exthost] [info] ExtensionService#_doActivateExtension vscode.merge-conflict {"startup":true,"extensionId":{"value":"vscode.merge-conflict","_lower":"vscode.merge-conflict"},"activationEvent":"*"}
[2022-02-04 16:27:54.322] [exthost] [info] ExtensionService#loadCommonJSModule file:///nix/store/lrqrbss7vv18435ch8dhzr1ybwa9hgcq-code-server-3.9.0/libexec/code-server/lib/vscode/extensions/merge-conflict/dist/mergeConflictMain
[2022-02-04 16:27:54.347] [exthost] [info] ExtensionService#_doActivateExtension vscode.search-result {"startup":true,"extensionId":{"value":"vscode.search-result","_lower":"vscode.search-result"},"activationEvent":"*"}
[2022-02-04 16:27:54.347] [exthost] [info] ExtensionService#loadCommonJSModule file:///nix/store/lrqrbss7vv18435ch8dhzr1ybwa9hgcq-code-server-3.9.0/libexec/code-server/lib/vscode/extensions/search-result/dist/extension.js
[2022-02-04 16:27:54.921] [exthost] [info] ExtensionService#_doActivateExtension vscode.github {"startup":true,"extensionId":{"value":"vscode.github","_lower":"vscode.github"},"activationEvent":"*"}
[2022-02-04 16:27:54.922] [exthost] [info] ExtensionService#loadCommonJSModule file:///nix/store/lrqrbss7vv18435ch8dhzr1ybwa9hgcq-code-server-3.9.0/libexec/code-server/lib/vscode/extensions/github/dist/extension.js
[2022-02-04 16:27:55.333] [exthost] [info] eager extensions activated
[2022-02-04 16:28:24.942] [exthost] [info] extension host started
[2022-02-04 16:28:25.324] [exthost] [info] ExtensionService#_doActivateExtension vscode.debug-auto-launch {"startup":true,"extensionId":{"value":"vscode.debug-auto-launch","_lower":"vscode.debug-auto-launch"},"activationEvent":"*"}
[2022-02-04 16:28:25.324] [exthost] [info] ExtensionService#loadCommonJSModule file:///nix/store/lrqrbss7vv18435ch8dhzr1ybwa9hgcq-code-server-3.9.0/libexec/code-server/lib/vscode/extensions/debug-auto-launch/dist/extension
[2022-02-04 16:28:25.332] [exthost] [info] ExtensionService#_doActivateExtension vscode.emmet {"startup":true,"extensionId":{"value":"vscode.emmet","_lower":"vscode.emmet"},"activationEvent":"*"}
[2022-02-04 16:28:25.332] [exthost] [info] ExtensionService#loadCommonJSModule file:///nix/store/lrqrbss7vv18435ch8dhzr1ybwa9hgcq-code-server-3.9.0/libexec/code-server/lib/vscode/extensions/emmet/dist/node/emmetNodeMain
[2022-02-04 16:28:25.432] [exthost] [info] ExtensionService#_doActivateExtension vscode.git {"startup":true,"extensionId":{"value":"vscode.github","_lower":"vscode.github"},"activationEvent":"*"}
[2022-02-04 16:28:25.432] [exthost] [info] ExtensionService#loadCommonJSModule file:///nix/store/lrqrbss7vv18435ch8dhzr1ybwa9hgcq-code-server-3.9.0/libexec/code-server/lib/vscode/extensions/git/dist/main
[2022-02-04 16:28:25.669] [exthost] [info] ExtensionService#_doActivateExtension vscode.merge-conflict {"startup":true,"extensionId":{"value":"vscode.merge-conflict","_lower":"vscode.merge-conflict"},"activationEvent":"*"}
[2022-02-04 16:28:25.670] [exthost] [info] ExtensionService#loadCommonJSModule file:///nix/store/lrqrbss7vv18435ch8dhzr1ybwa9hgcq-code-server-3.9.0/libexec/code-server/lib/vscode/extensions/merge-conflict/dist/mergeConflictMain
[2022-02-04 16:28:25.676] [exthost] [info] ExtensionService#_doActivateExtension vscode.search-result {"startup":true,"extensionId":{"value":"vscode.search-result","_lower":"vscode.search-result"},"activationEvent":"*"}
[2022-02-04 16:28:25.676] [exthost] [info] ExtensionService#loadCommonJSModule file:///nix/store/lrqrbss7vv18435ch8dhzr1ybwa9hgcq-code-server-3.9.0/libexec/code-server/lib/vscode/extensions/search-result/dist/extension.js
[2022-02-04 16:28:26.244] [exthost] [info] ExtensionService#_doActivateExtension vscode.github {"startup":true,"extensionId":{"value":"vscode.github","_lower":"vscode.github"},"activationEvent":"*"}
[2022-02-04 16:28:26.244] [exthost] [info] ExtensionService#loadCommonJSModule file:///nix/store/lrqrbss7vv18435ch8dhzr1ybwa9hgcq-code-server-3.9.0/libexec/code-server/lib/vscode/extensions/github/dist/extension.js
[2022-02-04 16:28:26.905] [exthost] [info] eager extensions activated
[2022-02-04 16:28:44.039] [exthost] [info] extension host started
[2022-02-04 16:28:44.405] [exthost] [info] ExtensionService#_doActivateExtension vscode.debug-auto-launch {"startup":true,"extensionId":{"value":"vscode.debug-auto-launch","_lower":"vscode.debug-auto-launch"},"activationEvent":"*"}
[2022-02-04 16:28:44.406] [exthost] [info] ExtensionService#loadCommonJSModule file:///nix/store/lrqrbss7vv18435ch8dhzr1ybwa9hgcq-code-server-3.9.0/libexec/code-server/lib/vscode/extensions/debug-auto-launch/dist/extension
[2022-02-04 16:28:44.422] [exthost] [info] ExtensionService#_doActivateExtension vscode.emmet {"startup":true,"extensionId":{"value":"vscode.emmet","_lower":"vscode.emmet"},"activationEvent":"*"}
[2022-02-04 16:28:44.424] [exthost] [info] ExtensionService#loadCommonJSModule file:///nix/store/lrqrbss7vv18435ch8dhzr1ybwa9hgcq-code-server-3.9.0/libexec/code-server/lib/vscode/extensions/emmet/dist/node/emmetNodeMain
[2022-02-04 16:28:44.566] [exthost] [info] ExtensionService#_doActivateExtension vscode.git {"startup":true,"extensionId":{"value":"vscode.github","_lower":"vscode.github"},"activationEvent":"*"}
[2022-02-04 16:28:44.566] [exthost] [info] ExtensionService#loadCommonJSModule file:///nix/store/lrqrbss7vv18435ch8dhzr1ybwa9hgcq-code-server-3.9.0/libexec/code-server/lib/vscode/extensions/git/dist/main
[2022-02-04 16:28:44.739] [exthost] [info] ExtensionService#_doActivateExtension vscode.merge-conflict {"startup":true,"extensionId":{"value":"vscode.merge-conflict","_lower":"vscode.merge-conflict"},"activationEvent":"*"}
[2022-02-04 16:28:44.739] [exthost] [info] ExtensionService#loadCommonJSModule file:///nix/store/lrqrbss7vv18435ch8dhzr1ybwa9hgcq-code-server-3.9.0/libexec/code-server/lib/vscode/extensions/merge-conflict/dist/mergeConflictMain
[2022-02-04 16:28:44.746] [exthost] [info] ExtensionService#_doActivateExtension vscode.search-result {"startup":true,"extensionId":{"value":"vscode.search-result","_lower":"vscode.search-result"},"activationEvent":"*"}
[2022-02-04 16:28:44.747] [exthost] [info] ExtensionService#loadCommonJSModule file:///nix/store/lrqrbss7vv18435ch8dhzr1ybwa9hgcq-code-server-3.9.0/libexec/code-server/lib/vscode/extensions/search-result/dist/extension.js
[2022-02-04 16:28:45.343] [exthost] [info] ExtensionService#_doActivateExtension vscode.github {"startup":true,"extensionId":{"value":"vscode.github","_lower":"vscode.github"},"activationEvent":"*"}
[2022-02-04 16:28:45.346] [exthost] [info] ExtensionService#loadCommonJSModule file:///nix/store/lrqrbss7vv18435ch8dhzr1ybwa9hgcq-code-server-3.9.0/libexec/code-server/lib/vscode/extensions/github/dist/extension.js
[2022-02-04 16:28:45.775] [exthost] [info] eager extensions activated
[2022-02-04 16:29:06.654] [exthost] [info] ExtensionService#_doActivateExtension vscode.python {"startup":false,"extensionId":{"value":"vscode.python","_lower":"vscode.python"},"activationEvent":"onLanguage:python"}
[2022-02-04 16:29:06.654] [exthost] [info] ExtensionService#loadCommonJSModule file:///nix/store/lrqrbss7vv18435ch8dhzr1ybwa9hgcq-code-server-3.9.0/libexec/code-server/lib/vscode/extensions/python/dist/pythonMain
[2022-02-04 16:29:52.002] [exthost] [info] ExtensionService#_doActivateExtension vscode.configuration-editing {"startup":false,"extensionId":{"value":"vscode.configuration-editing","_lower":"vscode.configuration-editing"},"activationEvent":"onLanguage:json"}
[2022-02-04 16:29:52.002] [exthost] [info] ExtensionService#loadCommonJSModule file:///nix/store/lrqrbss7vv18435ch8dhzr1ybwa9hgcq-code-server-3.9.0/libexec/code-server/lib/vscode/extensions/configuration-editing/dist/configurationEditingMain
[2022-02-04 16:29:52.011] [exthost] [info] ExtensionService#_doActivateExtension vscode.extension-editing {"startup":false,"extensionId":{"value":"vscode.extension-editing","_lower":"vscode.extension-editing"},"activationEvent":"onLanguage:json"}
[2022-02-04 16:29:52.011] [exthost] [info] ExtensionService#loadCommonJSModule file:///nix/store/lrqrbss7vv18435ch8dhzr1ybwa9hgcq-code-server-3.9.0/libexec/code-server/lib/vscode/extensions/extension-editing/dist/extensionEditingMain
[2022-02-04 16:29:52.131] [exthost] [info] ExtensionService#_doActivateExtension vscode.json-language-features {"startup":false,"extensionId":{"value":"vscode.json-language-features","_lower":"vscode.json-language-features"},"activationEvent":"onLanguage:json"}
[2022-02-04 16:29:52.131] [exthost] [info] ExtensionService#loadCommonJSModule file:///nix/store/lrqrbss7vv18435ch8dhzr1ybwa9hgcq-code-server-3.9.0/libexec/code-server/lib/vscode/extensions/json-language-features/client/dist/node/jsonClientMain
[2022-02-04 16:29:52.417] [exthost] [info] ExtensionService#_doActivateExtension vscode.npm {"startup":false,"extensionId":{"value":"vscode.npm","_lower":"vscode.npm"},"activationEvent":"onLanguage:json"}
[2022-02-04 16:29:52.417] [exthost] [info] ExtensionService#loadCommonJSModule file:///nix/store/lrqrbss7vv18435ch8dhzr1ybwa9hgcq-code-server-3.9.0/libexec/code-server/lib/vscode/extensions/npm/dist/npmMain
[2022-02-04 16:30:37.881] [exthost] [info] extension host started
[2022-02-04 16:30:38.913] [exthost] [info] ExtensionService#_doActivateExtension vscode.debug-auto-launch {"startup":true,"extensionId":{"value":"vscode.debug-auto-launch","_lower":"vscode.debug-auto-launch"},"activationEvent":"*"}
[2022-02-04 16:30:38.913] [exthost] [info] ExtensionService#loadCommonJSModule file:///nix/store/lrqrbss7vv18435ch8dhzr1ybwa9hgcq-code-server-3.9.0/libexec/code-server/lib/vscode/extensions/debug-auto-launch/dist/extension
[2022-02-04 16:30:38.928] [exthost] [info] ExtensionService#_doActivateExtension vscode.emmet {"startup":true,"extensionId":{"value":"vscode.emmet","_lower":"vscode.emmet"},"activationEvent":"*"}
[2022-02-04 16:30:38.928] [exthost] [info] ExtensionService#loadCommonJSModule file:///nix/store/lrqrbss7vv18435ch8dhzr1ybwa9hgcq-code-server-3.9.0/libexec/code-server/lib/vscode/extensions/emmet/dist/node/emmetNodeMain
[2022-02-04 16:30:39.014] [exthost] [info] ExtensionService#_doActivateExtension vscode.git {"startup":true,"extensionId":{"value":"vscode.github","_lower":"vscode.github"},"activationEvent":"*"}
[2022-02-04 16:30:39.014] [exthost] [info] ExtensionService#loadCommonJSModule file:///nix/store/lrqrbss7vv18435ch8dhzr1ybwa9hgcq-code-server-3.9.0/libexec/code-server/lib/vscode/extensions/git/dist/main
[2022-02-04 16:30:39.208] [exthost] [info] ExtensionService#_doActivateExtension vscode.merge-conflict {"startup":true,"extensionId":{"value":"vscode.merge-conflict","_lower":"vscode.merge-conflict"},"activationEvent":"*"}
[2022-02-04 16:30:39.209] [exthost] [info] ExtensionService#loadCommonJSModule file:///nix/store/lrqrbss7vv18435ch8dhzr1ybwa9hgcq-code-server-3.9.0/libexec/code-server/lib/vscode/extensions/merge-conflict/dist/mergeConflictMain
[2022-02-04 16:30:39.215] [exthost] [info] ExtensionService#_doActivateExtension vscode.search-result {"startup":true,"extensionId":{"value":"vscode.search-result","_lower":"vscode.search-result"},"activationEvent":"*"}
[2022-02-04 16:30:39.215] [exthost] [info] ExtensionService#loadCommonJSModule file:///nix/store/lrqrbss7vv18435ch8dhzr1ybwa9hgcq-code-server-3.9.0/libexec/code-server/lib/vscode/extensions/search-result/dist/extension.js
[2022-02-04 16:30:39.685] [exthost] [info] ExtensionService#_doActivateExtension vscode.python {"startup":false,"extensionId":{"value":"vscode.python","_lower":"vscode.python"},"activationEvent":"onLanguage:python"}
[2022-02-04 16:30:39.685] [exthost] [info] ExtensionService#loadCommonJSModule file:///nix/store/lrqrbss7vv18435ch8dhzr1ybwa9hgcq-code-server-3.9.0/libexec/code-server/lib/vscode/extensions/python/dist/pythonMain
